shooting	1916	849
shooting	1917	548
shooting	1918	588
shooting	1919	795
shooting	1920	1,100
shooting	1921	1,475
shooting	1922	1,719
shooting	1923	1,593
shooting	1924	1,452
shooting	1925	1,590
shooting	1926	1,605
shooting	1927	1,747
shooting	1928	1,899
shooting	1929	1,887
shooting	1930	1,907
shooting	1931	1,867
shooting	1932	1,998
shooting	1933	1,823
shooting	1934	1,820
shooting	1935	1,804
shooting	1936	1,837
shooting	1937	1,759
shooting	1938	1,647
shooting	1939	1,474
shooting	1940	1,378
shooting	1941	1,721
shooting	1942	1,346
shooting	1943	1,091
shooting	1944	1,092
shooting	1945	1,053
shooting	1946	1,257
shooting	1947	1,206
shooting	1948	1,233
shooting	1949	1,182
shooting	1950	1,375
shooting	1951	1,539
shooting	1952	1,516
shooting	1953	1,242
shooting	1954	1,317
shooting	1955	1,139
shooting	1956	1,216
shooting	1957	1,140
shooting	1958	1,122
shooting	1959	1,062
shooting	1960	1,260
shooting	1961	1,096
shooting	1962	1,191
shooting	1963	1,023
shooting	1964	1,317
shooting	1965	1,260
shooting	1966	1,460
shooting	1967	1,368
shooting	1968	1,561
shooting	1969	1,416
shooting	1970	1,658
shooting	1971	1,594
shooting	1972	1,763
shooting	1973	1,932
shooting	1974	1,871
shooting	1975	1,692
shooting	1976	1,621
shooting	1977	1,628
shooting	1978	1,300
shooting	1979	1,613
shooting	1980	2,725
shooting	1981	1,854
shooting	1982	1,543
shooting	1983	1,621
shooting	1984	1,661
shooting	1985	1,811
shooting	1986	1,676
shooting	1987	1,721
shooting	1988	1,768
shooting	1989	1,766
shooting	1990	1,964
shooting	1991	1,739
shooting	1992	2,002
shooting	1993	1,988
shooting	1994	2,166
shooting	1995	2,022
shooting	1996	2,024
shooting	1997	1,986
shooting	1998	1,903
shooting	1999	2,702
shooting	2000	2,513
shooting	2001	2,397
shooting	2002	2,433
shooting	2003	2,395
shooting	2004	2,098
shooting	2005	2,172
shooting	2006	2,728
shooting	2007	3,411
shooting	2008	2,915
shooting	2009	2,894
shooting	2010	3,008
shooting	2011	3,560
shooting	2012	3,862
shooting	2013	3,574
shooting	2014	3,264
shooting	2015	3,658
prosperity	1916	1,216
prosperity	1917	613
prosperity	1918	470
prosperity	1919	815
prosperity	1920	797
prosperity	1921	1,067
prosperity	1922	1,159
prosperity	1923	1,305
prosperity	1924	1,214
prosperity	1925	1,277
prosperity	1926	1,810
prosperity	1927	1,438
prosperity	1928	1,986
prosperity	1929	1,799
prosperity	1930	2,023
prosperity	1931	2,407
prosperity	1932	2,486
prosperity	1933	1,910
prosperity	1934	1,414
prosperity	1935	1,368
prosperity	1936	1,539
prosperity	1937	1,245
prosperity	1938	1,158
prosperity	1939	1,010
prosperity	1940	791
prosperity	1941	695
prosperity	1942	426
prosperity	1943	484
prosperity	1944	646
prosperity	1945	808
prosperity	1946	818
prosperity	1947	998
prosperity	1948	786
prosperity	1949	750
prosperity	1950	650
prosperity	1951	415
prosperity	1952	731
prosperity	1953	652
prosperity	1954	738
prosperity	1955	976
prosperity	1956	1,094
prosperity	1957	700
prosperity	1958	594
prosperity	1959	668
prosperity	1960	702
prosperity	1961	498
prosperity	1962	490
prosperity	1963	458
prosperity	1964	687
prosperity	1965	616
prosperity	1966	635
prosperity	1967	498
prosperity	1968	490
prosperity	1969	395
prosperity	1970	354
prosperity	1971	440
prosperity	1972	343
prosperity	1973	465
prosperity	1974	402
prosperity	1975	437
prosperity	1976	426
prosperity	1977	374
prosperity	1978	311
prosperity	1979	378
prosperity	1980	588
prosperity	1981	417
prosperity	1982	400
prosperity	1983	351
prosperity	1984	466
prosperity	1985	405
prosperity	1986	464
prosperity	1987	448
prosperity	1988	532
prosperity	1989	482
prosperity	1990	436
prosperity	1991	371
prosperity	1992	420
prosperity	1993	344
prosperity	1994	323
prosperity	1995	318
prosperity	1996	394
prosperity	1997	490
prosperity	1998	505
prosperity	1999	662
prosperity	2000	1,014
prosperity	2001	600
prosperity	2002	422
prosperity	2003	424
prosperity	2004	392
prosperity	2005	331
prosperity	2006	494
prosperity	2007	587
prosperity	2008	729
prosperity	2009	735
prosperity	2010	651
prosperity	2011	751
prosperity	2012	875
prosperity	2013	656
prosperity	2014	702
prosperity	2015	564
invasion	1916	915
invasion	1917	537
invasion	1918	755
invasion	1919	567
invasion	1920	514
invasion	1921	559
invasion	1922	535
invasion	1923	747
invasion	1924	586
invasion	1925	528
invasion	1926	567
invasion	1927	612
invasion	1928	644
invasion	1929	699
invasion	1930	665
invasion	1931	619
invasion	1932	717
invasion	1933	647
invasion	1934	574
invasion	1935	825
invasion	1936	797
invasion	1937	905
invasion	1938	1,096
invasion	1939	1,623
invasion	1940	3,614
invasion	1941	2,692
invasion	1942	2,378
invasion	1943	2,772
invasion	1944	4,088
invasion	1945	1,960
invasion	1946	853
invasion	1947	725
invasion	1948	852
invasion	1949	819
invasion	1950	1,686
invasion	1951	897
invasion	1952	697
invasion	1953	726
invasion	1954	721
invasion	1955	660
invasion	1956	789
invasion	1957	785
invasion	1958	606
invasion	1959	694
invasion	1960	701
invasion	1961	1,153
invasion	1962	1,115
invasion	1963	760
invasion	1964	635
invasion	1965	568
invasion	1966	575
invasion	1967	716
invasion	1968	1,454
invasion	1969	1,063
invasion	1970	834
invasion	1971	747
invasion	1972	805
invasion	1973	638
invasion	1974	721
invasion	1975	806
invasion	1976	621
invasion	1977	794
invasion	1978	840
invasion	1979	916
invasion	1980	1,786
invasion	1981	793
invasion	1982	1,461
invasion	1983	1,216
invasion	1984	1,031
invasion	1985	818
invasion	1986	673
invasion	1987	692
invasion	1988	688
invasion	1989	807
invasion	1990	2,074
invasion	1991	1,128
invasion	1992	650
invasion	1993	482
invasion	1994	796
invasion	1995	492
invasion	1996	539
invasion	1997	503
invasion	1998	559
invasion	1999	672
invasion	2000	578
invasion	2001	589
invasion	2002	797
invasion	2003	1,441
invasion	2004	1,443
invasion	2005	1,142
invasion	2006	1,702
invasion	2007	1,536
invasion	2008	1,229
invasion	2009	1,130
invasion	2010	1,024
invasion	2011	1,181
invasion	2012	901
invasion	2013	870
invasion	2014	1,192
invasion	2015	855
expansion	1916	467
expansion	1917	468
expansion	1918	536
expansion	1919	550
expansion	1920	586
expansion	1921	549
expansion	1922	556
expansion	1923	902
expansion	1924	881
expansion	1925	1,060
expansion	1926	1,188
expansion	1927	1,368
expansion	1928	1,764
expansion	1929	2,094
expansion	1930	1,928
expansion	1931	1,465
expansion	1932	1,662
expansion	1933	1,596
expansion	1934	1,553
expansion	1935	1,773
expansion	1936	1,921
expansion	1937	1,951
expansion	1938	2,156
expansion	1939	2,420
expansion	1940	2,855
expansion	1941	2,615
expansion	1942	1,659
expansion	1943	1,361
expansion	1944	1,471
expansion	1945	1,943
expansion	1946	2,228
expansion	1947	2,472
expansion	1948	2,273
expansion	1949	2,515
expansion	1950	2,951
expansion	1951	3,118
expansion	1952	2,515
expansion	1953	2,288
expansion	1954	2,304
expansion	1955	2,775
expansion	1956	2,957
expansion	1957	2,703
expansion	1958	2,173
expansion	1959	2,247
expansion	1960	2,493
expansion	1961	2,248
expansion	1962	2,646
expansion	1963	2,252
expansion	1964	2,121
expansion	1965	2,480
expansion	1966	2,760
expansion	1967	2,369
expansion	1968	1,987
expansion	1969	1,972
expansion	1970	1,965
expansion	1971	1,762
expansion	1972	1,781
expansion	1973	1,917
expansion	1974	1,752
expansion	1975	1,679
expansion	1976	1,784
expansion	1977	1,911
expansion	1978	1,458
expansion	1979	1,652
expansion	1980	2,461
expansion	1981	1,655
expansion	1982	1,405
expansion	1983	1,486
expansion	1984	1,551
expansion	1985	1,363
expansion	1986	1,459
expansion	1987	1,457
expansion	1988	1,540
expansion	1989	1,539
expansion	1990	1,485
expansion	1991	1,315
expansion	1992	1,362
expansion	1993	1,388
expansion	1994	1,341
expansion	1995	1,435
expansion	1996	1,517
expansion	1997	1,790
expansion	1998	1,780
expansion	1999	1,816
expansion	2000	1,780
expansion	2001	1,624
expansion	2002	1,501
expansion	2003	1,353
expansion	2004	1,595
expansion	2005	1,375
expansion	2006	1,841
expansion	2007	2,003
expansion	2008	1,907
expansion	2009	2,233
expansion	2010	2,199
expansion	2011	2,272
expansion	2012	2,339
expansion	2013	2,055
expansion	2014	2,165
expansion	2015	1,805
growth	1916	855
growth	1917	655
growth	1918	545
growth	1919	655
growth	1920	856
growth	1921	874
growth	1922	1,036
growth	1923	1,371
growth	1924	1,466
growth	1925	1,734
growth	1926	1,822
growth	1927	1,818
growth	1928	2,174
growth	1929	2,250
growth	1930	2,495
growth	1931	2,018
growth	1932	1,626
growth	1933	1,358
growth	1934	1,371
growth	1935	1,527
growth	1936	1,765
growth	1937	1,951
growth	1938	1,830
growth	1939	1,738
growth	1940	1,632
growth	1941	1,268
growth	1942	996
growth	1943	1,072
growth	1944	1,073
growth	1945	988
growth	1946	1,320
growth	1947	1,619
growth	1948	1,476
growth	1949	1,727
growth	1950	1,829
growth	1951	1,631
growth	1952	1,810
growth	1953	1,785
growth	1954	1,886
growth	1955	2,072
growth	1956	2,270
growth	1957	2,291
growth	1958	2,102
growth	1959	2,508
growth	1960	2,948
growth	1961	2,769
growth	1962	3,138
growth	1963	2,618
growth	1964	2,691
growth	1965	2,661
growth	1966	2,964
growth	1967	2,770
growth	1968	2,631
growth	1969	2,935
growth	1970	3,104
growth	1971	2,951
growth	1972	3,187
growth	1973	3,312
growth	1974	3,404
growth	1975	3,339
growth	1976	3,773
growth	1977	4,037
growth	1978	3,244
growth	1979	3,908
growth	1980	6,291
growth	1981	4,334
growth	1982	3,888
growth	1983	3,716
growth	1984	4,230
growth	1985	4,284
growth	1986	4,367
growth	1987	3,993
growth	1988	4,028
growth	1989	3,996
growth	1990	3,770
growth	1991	3,207
growth	1992	3,616
growth	1993	3,463
growth	1994	3,523
growth	1995	3,568
growth	1996	4,032
growth	1997	4,192
growth	1998	4,200
growth	1999	4,163
growth	2000	4,262
growth	2001	4,202
growth	2002	3,895
growth	2003	4,081
growth	2004	4,258
growth	2005	4,071
growth	2006	5,268
growth	2007	6,143
growth	2008	6,159
growth	2009	6,368
growth	2010	7,108
growth	2011	8,221
growth	2012	7,922
growth	2013	6,272
growth	2014	6,264
growth	2015	5,186
attack	1916	5,077
attack	1917	3,505
attack	1918	3,933
attack	1919	2,644
attack	1920	2,785
attack	1921	3,104
attack	1922	3,233
attack	1923	3,429
attack	1924	3,946
attack	1925	4,289
attack	1926	4,516
attack	1927	4,713
attack	1928	4,734
attack	1929	4,976
attack	1930	5,415
attack	1931	5,743
attack	1932	6,444
attack	1933	6,024
attack	1934	6,355
attack	1935	6,817
attack	1936	7,416
attack	1937	7,193
attack	1938	6,747
attack	1939	7,064
attack	1940	8,962
attack	1941	10,759
attack	1942	11,323
attack	1943	9,946
attack	1944	9,884
attack	1945	6,305
attack	1946	4,830
attack	1947	5,652
attack	1948	5,785
attack	1949	5,874
attack	1950	7,061
attack	1951	6,822
attack	1952	6,252
attack	1953	5,765
attack	1954	5,800
attack	1955	5,590
attack	1956	5,859
attack	1957	5,283
attack	1958	5,398
attack	1959	4,930
attack	1960	5,441
attack	1961	5,229
attack	1962	5,093
attack	1963	4,464
attack	1964	4,901
attack	1965	4,859
attack	1966	5,128
attack	1967	5,009
attack	1968	4,899
attack	1969	4,774
attack	1970	4,948
attack	1971	4,270
attack	1972	4,586
attack	1973	4,666
attack	1974	4,053
attack	1975	4,117
attack	1976	4,242
attack	1977	3,984
attack	1978	3,205
attack	1979	3,915
attack	1980	6,182
attack	1981	3,979
attack	1982	4,073
attack	1983	3,753
attack	1984	3,777
attack	1985	3,513
attack	1986	3,930
attack	1987	4,002
attack	1988	4,133
attack	1989	3,755
attack	1990	4,130
attack	1991	3,983
attack	1992	3,555
attack	1993	3,436
attack	1994	3,473
attack	1995	3,557
attack	1996	3,692
attack	1997	3,182
attack	1998	3,902
attack	1999	3,754
attack	2000	3,955
attack	2001	6,841
attack	2002	6,829
attack	2003	6,063
attack	2004	5,317
attack	2005	4,226
attack	2006	5,961
attack	2007	5,988
attack	2008	5,745
attack	2009	5,529
attack	2010	5,745
attack	2011	6,498
attack	2012	6,862
attack	2013	5,583
attack	2014	5,434
attack	2015	5,541
