This is pdfTeX, Version 3.14159265-2.6-1.40.15 (TeX Live 2014) (preloaded format=pdflatex 2014.5.25)  10 FEB 2016 13:20
entering extended mode
 restricted \write18 enabled.
 %&-line parsing enabled.
**Notes.tex
(./Notes.tex
LaTeX2e <2014/05/01>
Babel <3.9k> and hyphenation patterns for 78 languages loaded.
(/usr/local/texlive/2014/texmf-dist/tex/latex/base/article.cls
Document Class: article 2007/10/19 v1.4h Standard LaTeX document class
(/usr/local/texlive/2014/texmf-dist/tex/latex/base/size11.clo
File: size11.clo 2007/10/19 v1.4h Standard LaTeX file (size option)
)
\c@part=\count79
\c@section=\count80
\c@subsection=\count81
\c@subsubsection=\count82
\c@paragraph=\count83
\c@subparagraph=\count84
\c@figure=\count85
\c@table=\count86
\abovecaptionskip=\skip41
\belowcaptionskip=\skip42
\bibindent=\dimen102
)
(/usr/local/texlive/2014/texmf-dist/tex/latex/geometry/geometry.sty
Package: geometry 2010/09/12 v5.6 Page Geometry

(/usr/local/texlive/2014/texmf-dist/tex/latex/graphics/keyval.sty
Package: keyval 2014/05/08 v1.15 key=value parser (DPC)
\KV@toks@=\toks14
)
(/usr/local/texlive/2014/texmf-dist/tex/generic/oberdiek/ifpdf.sty
Package: ifpdf 2011/01/30 v2.3 Provides the ifpdf switch (HO)
Package ifpdf Info: pdfTeX in PDF mode is detected.
)
(/usr/local/texlive/2014/texmf-dist/tex/generic/oberdiek/ifvtex.sty
Package: ifvtex 2010/03/01 v1.5 Detect VTeX and its facilities (HO)
Package ifvtex Info: VTeX not detected.
)
(/usr/local/texlive/2014/texmf-dist/tex/generic/ifxetex/ifxetex.sty
Package: ifxetex 2010/09/12 v0.6 Provides ifxetex conditional
)
\Gm@cnth=\count87
\Gm@cntv=\count88
\c@Gm@tempcnt=\count89
\Gm@bindingoffset=\dimen103
\Gm@wd@mp=\dimen104
\Gm@odd@mp=\dimen105
\Gm@even@mp=\dimen106
\Gm@layoutwidth=\dimen107
\Gm@layoutheight=\dimen108
\Gm@layouthoffset=\dimen109
\Gm@layoutvoffset=\dimen110
\Gm@dimlist=\toks15
)
(/usr/local/texlive/2014/texmf-dist/tex/latex/graphics/graphicx.sty
Package: graphicx 2014/04/25 v1.0g Enhanced LaTeX Graphics (DPC,SPQR)

(/usr/local/texlive/2014/texmf-dist/tex/latex/graphics/graphics.sty
Package: graphics 2009/02/05 v1.0o Standard LaTeX Graphics (DPC,SPQR)

(/usr/local/texlive/2014/texmf-dist/tex/latex/graphics/trig.sty
Package: trig 1999/03/16 v1.09 sin cos tan (DPC)
)
(/usr/local/texlive/2014/texmf-dist/tex/latex/latexconfig/graphics.cfg
File: graphics.cfg 2010/04/23 v1.9 graphics configuration of TeX Live
)
Package graphics Info: Driver file: pdftex.def on input line 91.

(/usr/local/texlive/2014/texmf-dist/tex/latex/pdftex-def/pdftex.def
File: pdftex.def 2011/05/27 v0.06d Graphics/color for pdfTeX

(/usr/local/texlive/2014/texmf-dist/tex/generic/oberdiek/infwarerr.sty
Package: infwarerr 2010/04/08 v1.3 Providing info/warning/error messages (HO)
)
(/usr/local/texlive/2014/texmf-dist/tex/generic/oberdiek/ltxcmds.sty
Package: ltxcmds 2011/11/09 v1.22 LaTeX kernel commands for general use (HO)
)
\Gread@gobject=\count90
))
\Gin@req@height=\dimen111
\Gin@req@width=\dimen112
)
(/usr/local/texlive/2014/texmf-dist/tex/latex/oberdiek/epstopdf.sty
Package: epstopdf 2010/02/09 v2.5 Conversion with epstopdf on the fly (HO)

(/usr/local/texlive/2014/texmf-dist/tex/latex/oberdiek/epstopdf-base.sty
Package: epstopdf-base 2010/02/09 v2.5 Base part for package epstopdf

(/usr/local/texlive/2014/texmf-dist/tex/latex/oberdiek/grfext.sty
Package: grfext 2010/08/19 v1.1 Manage graphics extensions (HO)

(/usr/local/texlive/2014/texmf-dist/tex/generic/oberdiek/kvdefinekeys.sty
Package: kvdefinekeys 2011/04/07 v1.3 Define keys (HO)
))
(/usr/local/texlive/2014/texmf-dist/tex/latex/oberdiek/kvoptions.sty
Package: kvoptions 2011/06/30 v3.11 Key value format for package options (HO)

(/usr/local/texlive/2014/texmf-dist/tex/generic/oberdiek/kvsetkeys.sty
Package: kvsetkeys 2012/04/25 v1.16 Key value parser (HO)

(/usr/local/texlive/2014/texmf-dist/tex/generic/oberdiek/etexcmds.sty
Package: etexcmds 2011/02/16 v1.5 Avoid name clashes with e-TeX commands (HO)

(/usr/local/texlive/2014/texmf-dist/tex/generic/oberdiek/ifluatex.sty
Package: ifluatex 2010/03/01 v1.3 Provides the ifluatex switch (HO)
Package ifluatex Info: LuaTeX not detected.
)
Package etexcmds Info: Could not find \expanded.
(etexcmds)             That can mean that you are not using pdfTeX 1.50 or
(etexcmds)             that some package has redefined \expanded.
(etexcmds)             In the latter case, load this package earlier.
)))
(/usr/local/texlive/2014/texmf-dist/tex/generic/oberdiek/pdftexcmds.sty
Package: pdftexcmds 2011/11/29 v0.20 Utility functions of pdfTeX for LuaTeX (HO
)
Package pdftexcmds Info: LuaTeX not detected.
Package pdftexcmds Info: \pdf@primitive is available.
Package pdftexcmds Info: \pdf@ifprimitive is available.
Package pdftexcmds Info: \pdfdraftmode found.
)
Package grfext Info: Graphics extension search list:
(grfext)             [.png,.pdf,.jpg,.mps,.jpeg,.jbig2,.jb2,.PNG,.PDF,.JPG,.JPE
G,.JBIG2,.JB2,.eps]
(grfext)             \AppendGraphicsExtensions on input line 452.

(/usr/local/texlive/2014/texmf-dist/tex/latex/latexconfig/epstopdf-sys.cfg
File: epstopdf-sys.cfg 2010/07/13 v1.3 Configuration of (r)epstopdf for TeX Liv
e
)))
(/usr/local/texlive/2014/texmf-dist/tex/latex/listings/listings.sty
\lst@mode=\count91
\lst@gtempboxa=\box26
\lst@token=\toks16
\lst@length=\count92
\lst@currlwidth=\dimen113
\lst@column=\count93
\lst@pos=\count94
\lst@lostspace=\dimen114
\lst@width=\dimen115
\lst@newlines=\count95
\lst@lineno=\count96
\lst@maxwidth=\dimen116

(/usr/local/texlive/2014/texmf-dist/tex/latex/listings/lstmisc.sty
File: lstmisc.sty 2014/03/04 1.5c (Carsten Heinz)
\c@lstnumber=\count97
\lst@skipnumbers=\count98
\lst@framebox=\box27
)
(/usr/local/texlive/2014/texmf-dist/tex/latex/listings/listings.cfg
File: listings.cfg 2014/03/04 1.5c listings configuration
))
Package: listings 2014/03/04 1.5c (Carsten Heinz)

(/usr/local/texlive/2014/texmf-dist/tex/latex/float/float.sty
Package: float 2001/11/08 v1.3d Float enhancements (AL)
\c@float@type=\count99
\float@exts=\toks17
\float@box=\box28
\@float@everytoks=\toks18
\@floatcapt=\box29
)
(/usr/local/texlive/2014/texmf-dist/tex/latex/csvsimple/csvsimple.sty
Package: csvsimple 2013/09/25 version 1.07 LaTeX CSV file processing

(/usr/local/texlive/2014/texmf-dist/tex/latex/pgf/utilities/pgfkeys.sty
(/usr/local/texlive/2014/texmf-dist/tex/generic/pgf/utilities/pgfkeys.code.tex
\pgfkeys@pathtoks=\toks19
\pgfkeys@temptoks=\toks20

(/usr/local/texlive/2014/texmf-dist/tex/generic/pgf/utilities/pgfkeysfiltered.c
ode.tex
\pgfkeys@tmptoks=\toks21
))) (/usr/local/texlive/2014/texmf-dist/tex/latex/base/ifthen.sty
Package: ifthen 2001/05/26 v1.1c Standard LaTeX ifthen package (DPC)
)
\csv@file=\read1
\c@csvinputline=\count100
\c@csvrow=\count101
\c@csvcol=\count102
)
(/usr/local/texlive/2014/texmf-dist/tex/latex/wrapfig/wrapfig.sty
\wrapoverhang=\dimen117
\WF@size=\dimen118
\c@WF@wrappedlines=\count103
\WF@box=\box30
\WF@everypar=\toks22
Package: wrapfig 2003/01/31  v 3.6
)
(/usr/local/texlive/2014/texmf-dist/tex/latex/tools/longtable.sty
Package: longtable 2004/02/01 v4.11 Multi-page Table package (DPC)
\LTleft=\skip43
\LTright=\skip44
\LTpre=\skip45
\LTpost=\skip46
\LTchunksize=\count104
\LTcapwidth=\dimen119
\LT@head=\box31
\LT@firsthead=\box32
\LT@foot=\box33
\LT@lastfoot=\box34
\LT@cols=\count105
\LT@rows=\count106
\c@LT@tables=\count107
\c@LT@chunks=\count108
\LT@p@ftn=\toks23
) (./Notes.aux)
\openout1 = `Notes.aux'.

LaTeX Font Info:    Checking defaults for OML/cmm/m/it on input line 11.
LaTeX Font Info:    ... okay on input line 11.
LaTeX Font Info:    Checking defaults for T1/cmr/m/n on input line 11.
LaTeX Font Info:    ... okay on input line 11.
LaTeX Font Info:    Checking defaults for OT1/cmr/m/n on input line 11.
LaTeX Font Info:    ... okay on input line 11.
LaTeX Font Info:    Checking defaults for OMS/cmsy/m/n on input line 11.
LaTeX Font Info:    ... okay on input line 11.
LaTeX Font Info:    Checking defaults for OMX/cmex/m/n on input line 11.
LaTeX Font Info:    ... okay on input line 11.
LaTeX Font Info:    Checking defaults for U/cmr/m/n on input line 11.
LaTeX Font Info:    ... okay on input line 11.

*geometry* driver: auto-detecting
*geometry* detected driver: pdftex
*geometry* verbose mode - [ preamble ] result:
* driver: pdftex
* paper: <default>
* layout: <same size as paper>
* layoutoffset:(h,v)=(0.0pt,0.0pt)
* modes: 
* h-part:(L,W,R)=(92.14519pt, 430.00462pt, 92.14519pt)
* v-part:(T,H,B)=(95.39737pt, 556.47656pt, 143.09605pt)
* \paperwidth=614.295pt
* \paperheight=794.96999pt
* \textwidth=430.00462pt
* \textheight=556.47656pt
* \oddsidemargin=19.8752pt
* \evensidemargin=19.8752pt
* \topmargin=-13.87262pt
* \headheight=12.0pt
* \headsep=25.0pt
* \topskip=11.0pt
* \footskip=30.0pt
* \marginparwidth=59.0pt
* \marginparsep=10.0pt
* \columnsep=10.0pt
* \skip\footins=10.0pt plus 4.0pt minus 2.0pt
* \hoffset=0.0pt
* \voffset=0.0pt
* \mag=1000
* \@twocolumnfalse
* \@twosidefalse
* \@mparswitchfalse
* \@reversemarginfalse
* (1in=72.27pt=25.4mm, 1cm=28.453pt)

(/usr/local/texlive/2014/texmf-dist/tex/context/base/supp-pdf.mkii
[Loading MPS to PDF converter (version 2006.09.02).]
\scratchcounter=\count109
\scratchdimen=\dimen120
\scratchbox=\box35
\nofMPsegments=\count110
\nofMParguments=\count111
\everyMPshowfont=\toks24
\MPscratchCnt=\count112
\MPscratchDim=\dimen121
\MPnumerator=\count113
\makeMPintoPDFobject=\count114
\everyMPtoPDFconversion=\toks25
)
\c@lstlisting=\count115
 (/usr/local/texlive/2014/texmf-dist/tex/latex/listings/lstlang1.sty
File: lstlang1.sty 2014/03/04 1.5c listings language file
)
Package epstopdf Info: Source file: <pictures/1_24_16/sine_toy.eps>
(epstopdf)                    date: 2016-01-24 17:33:11
(epstopdf)                    size: 34343 bytes
(epstopdf)             Output file: <pictures/1_24_16/sine_toy-eps-converted-to
.pdf>
(epstopdf)                    date: 2016-01-24 17:36:25
(epstopdf)                    size: 20191 bytes
(epstopdf)             Command: <repstopdf --outfile=pictures/1_24_16/sine_toy-
eps-converted-to.pdf pictures/1_24_16/sine_toy.eps>
(epstopdf)             \includegraphics on input line 35.
Package epstopdf Info: Output file is already uptodate.

<pictures/1_24_16/sine_toy-eps-converted-to.pdf, id=1, 561.09625pt x 421.575pt>
File: pictures/1_24_16/sine_toy-eps-converted-to.pdf Graphic file (type pdf)
<use pictures/1_24_16/sine_toy-eps-converted-to.pdf>
Package pdftex.def Info: pictures/1_24_16/sine_toy-eps-converted-to.pdf used on
 input line 35.
(pdftex.def)             Requested size: 193.50076pt x 145.3792pt.
Package epstopdf Info: Source file: <pictures/1_24_16/sine_cpsn_noNoise.eps>
(epstopdf)                    date: 2016-01-24 17:41:19
(epstopdf)                    size: 9246 bytes
(epstopdf)             Output file: <pictures/1_24_16/sine_cpsn_noNoise-eps-con
verted-to.pdf>
(epstopdf)                    date: 2016-01-24 17:42:17
(epstopdf)                    size: 5525 bytes
(epstopdf)             Command: <repstopdf --outfile=pictures/1_24_16/sine_cpsn
_noNoise-eps-converted-to.pdf pictures/1_24_16/sine_cpsn_noNoise.eps>
(epstopdf)             \includegraphics on input line 36.
Package epstopdf Info: Output file is already uptodate.

<pictures/1_24_16/sine_cpsn_noNoise-eps-converted-to.pdf, id=2, 561.09625pt x 4
21.575pt>
File: pictures/1_24_16/sine_cpsn_noNoise-eps-converted-to.pdf Graphic file (typ
e pdf)
 <use pictures/1_24_16/sine_cpsn_noNoise-eps-converted-to.pdf>
Package pdftex.def Info: pictures/1_24_16/sine_cpsn_noNoise-eps-converted-to.pd
f used on input line 36.
(pdftex.def)             Requested size: 193.50076pt x 145.3792pt.
Package epstopdf Info: Source file: <pictures/1_24_16/sine_cpsn_shift18.eps>
(epstopdf)                    date: 2016-01-24 18:22:38
(epstopdf)                    size: 9079 bytes
(epstopdf)             Output file: <pictures/1_24_16/sine_cpsn_shift18-eps-con
verted-to.pdf>
(epstopdf)                    date: 2016-01-24 18:26:42
(epstopdf)                    size: 5497 bytes
(epstopdf)             Command: <repstopdf --outfile=pictures/1_24_16/sine_cpsn
_shift18-eps-converted-to.pdf pictures/1_24_16/sine_cpsn_shift18.eps>
(epstopdf)             \includegraphics on input line 42.
Package epstopdf Info: Output file is already uptodate.

<pictures/1_24_16/sine_cpsn_shift18-eps-converted-to.pdf, id=3, 561.09625pt x 4
21.575pt>
File: pictures/1_24_16/sine_cpsn_shift18-eps-converted-to.pdf Graphic file (typ
e pdf)
 <use pictures/1_24_16/sine_cpsn_shift18-eps-converted-to.pdf>
Package pdftex.def Info: pictures/1_24_16/sine_cpsn_shift18-eps-converted-to.pd
f used on input line 42.
(pdftex.def)             Requested size: 193.50076pt x 145.3792pt.
Package epstopdf Info: Source file: <pictures/1_24_16/phases_shift18.eps>
(epstopdf)                    date: 2016-01-24 18:51:53
(epstopdf)                    size: 12363 bytes
(epstopdf)             Output file: <pictures/1_24_16/phases_shift18-eps-conver
ted-to.pdf>
(epstopdf)                    date: 2016-01-24 19:03:09
(epstopdf)                    size: 6324 bytes
(epstopdf)             Command: <repstopdf --outfile=pictures/1_24_16/phases_sh
ift18-eps-converted-to.pdf pictures/1_24_16/phases_shift18.eps>
(epstopdf)             \includegraphics on input line 43.
Package epstopdf Info: Output file is already uptodate.

<pictures/1_24_16/phases_shift18-eps-converted-to.pdf, id=4, 561.09625pt x 421.
575pt>
File: pictures/1_24_16/phases_shift18-eps-converted-to.pdf Graphic file (type p
df)
 <use pictures/1_24_16/phases_shift18-eps-converted-to.pdf>
Package pdftex.def Info: pictures/1_24_16/phases_shift18-eps-converted-to.pdf u
sed on input line 43.
(pdftex.def)             Requested size: 193.50076pt x 145.3792pt.
 [1

{/usr/local/texlive/2014/texmf-var/fonts/map/pdftex/updmap/pdftex.map}] [2 <./p
ictures/1_24_16/sine_toy-eps-converted-to.pdf> <./pictures/1_24_16/sine_cpsn_no
Noise-eps-converted-to.pdf> <./pictures/1_24_16/sine_cpsn_shift18-eps-converted
-to.pdf> <./pictures/1_24_16/phases_shift18-eps-converted-to.pdf>]
LaTeX Font Info:    External font `cmex10' loaded for size
(Font)              <10.95> on input line 63.
LaTeX Font Info:    External font `cmex10' loaded for size
(Font)              <8> on input line 63.
LaTeX Font Info:    External font `cmex10' loaded for size
(Font)              <6> on input line 63.

Overfull \hbox (20.89207pt too wide) in paragraph at lines 63--64
[][] 
 []

Package epstopdf Info: Source file: <pictures/movie_data_all_yrs.eps>
(epstopdf)                    date: 2016-01-26 01:09:06
(epstopdf)                    size: 15548 bytes
(epstopdf)             Output file: <pictures/movie_data_all_yrs-eps-converted-
to.pdf>
(epstopdf)                    date: 2016-01-26 01:09:14
(epstopdf)                    size: 10557 bytes
(epstopdf)             Command: <repstopdf --outfile=pictures/movie_data_all_yr
s-eps-converted-to.pdf pictures/movie_data_all_yrs.eps>
(epstopdf)             \includegraphics on input line 67.
Package epstopdf Info: Output file is already uptodate.

<pictures/movie_data_all_yrs-eps-converted-to.pdf, id=40, 703.62875pt x 421.575
pt>
File: pictures/movie_data_all_yrs-eps-converted-to.pdf Graphic file (type pdf)
 <use pictures/movie_data_all_yrs-eps-converted-to.pdf>
Package pdftex.def Info: pictures/movie_data_all_yrs-eps-converted-to.pdf used 
on input line 67.
(pdftex.def)             Requested size: 279.50037pt x 167.45625pt.
Package epstopdf Info: Source file: <pictures/movie_data_QC.eps>
(epstopdf)                    date: 2016-01-26 01:41:48
(epstopdf)                    size: 13822 bytes
(epstopdf)             Output file: <pictures/movie_data_QC-eps-converted-to.pd
f>
(epstopdf)                    date: 2016-01-26 01:42:27
(epstopdf)                    size: 11742 bytes
(epstopdf)             Command: <repstopdf --outfile=pictures/movie_data_QC-eps
-converted-to.pdf pictures/movie_data_QC.eps>
(epstopdf)             \includegraphics on input line 73.
Package epstopdf Info: Output file is already uptodate.

<pictures/movie_data_QC-eps-converted-to.pdf, id=41, 1436.36626pt x 451.6875pt>
File: pictures/movie_data_QC-eps-converted-to.pdf Graphic file (type pdf)
<use pictures/movie_data_QC-eps-converted-to.pdf>
Package pdftex.def Info: pictures/movie_data_QC-eps-converted-to.pdf used on in
put line 73.
(pdftex.def)             Requested size: 430.00462pt x 165.24019pt.
 [3 <./pictures/movie_data_all_yrs-eps-converted-to.pdf>]
Overfull \hbox (20.89207pt too wide) in paragraph at lines 79--80
[][] 
 []

Package epstopdf Info: Source file: <pictures/movie_data_1955-2015.eps>
(epstopdf)                    date: 2016-01-26 01:21:38
(epstopdf)                    size: 12993 bytes
(epstopdf)             Output file: <pictures/movie_data_1955-2015-eps-converte
d-to.pdf>
(epstopdf)                    date: 2016-01-26 01:22:56
(epstopdf)                    size: 9191 bytes
(epstopdf)             Command: <repstopdf --outfile=pictures/movie_data_1955-2
015-eps-converted-to.pdf pictures/movie_data_1955-2015.eps>
(epstopdf)             \includegraphics on input line 83.
Package epstopdf Info: Output file is already uptodate.

<pictures/movie_data_1955-2015-eps-converted-to.pdf, id=51, 703.62875pt x 421.5
75pt>
File: pictures/movie_data_1955-2015-eps-converted-to.pdf Graphic file (type pdf
)
 <use pictures/movie_data_1955-2015-eps-converted-to.pdf>
Package pdftex.def Info: pictures/movie_data_1955-2015-eps-converted-to.pdf use
d on input line 83.
(pdftex.def)             Requested size: 258.00539pt x 154.57797pt.
Package epstopdf Info: Source file: <pictures/movie_data_1955-2015_QC.eps>
(epstopdf)                    date: 2016-01-26 01:36:18
(epstopdf)                    size: 13919 bytes
(epstopdf)             Output file: <pictures/movie_data_1955-2015_QC-eps-conve
rted-to.pdf>
(epstopdf)                    date: 2016-01-26 01:37:48
(epstopdf)                    size: 11903 bytes
(epstopdf)             Command: <repstopdf --outfile=pictures/movie_data_1955-2
015_QC-eps-converted-to.pdf pictures/movie_data_1955-2015_QC.eps>
(epstopdf)             \includegraphics on input line 89.
Package epstopdf Info: Output file is already uptodate.

<pictures/movie_data_1955-2015_QC-eps-converted-to.pdf, id=52, 1436.36626pt x 4
51.6875pt>
File: pictures/movie_data_1955-2015_QC-eps-converted-to.pdf Graphic file (type 
pdf)
 <use pictures/movie_data_1955-2015_QC-eps-converted-to.pdf>
Package pdftex.def Info: pictures/movie_data_1955-2015_QC-eps-converted-to.pdf 
used on input line 89.
(pdftex.def)             Requested size: 430.00462pt x 165.24019pt.
 [4 <./pictures/movie_data_QC-eps-converted-to.pdf> <./pictures/movie_data_1955
-2015-eps-converted-to.pdf>] [5 <./pictures/movie_data_1955-2015_QC-eps-convert
ed-to.pdf>]
Package epstopdf Info: Source file: <pictures/movie_word_all.eps>
(epstopdf)                    date: 2016-02-02 23:27:36
(epstopdf)                    size: 15150 bytes
(epstopdf)             Output file: <pictures/movie_word_all-eps-converted-to.p
df>
(epstopdf)                    date: 2016-02-02 23:27:48
(epstopdf)                    size: 12788 bytes
(epstopdf)             Command: <repstopdf --outfile=pictures/movie_word_all-ep
s-converted-to.pdf pictures/movie_word_all.eps>
(epstopdf)             \includegraphics on input line 129.
Package epstopdf Info: Output file is already uptodate.

<pictures/movie_word_all-eps-converted-to.pdf, id=81, 1443.3925pt x 451.6875pt>
File: pictures/movie_word_all-eps-converted-to.pdf Graphic file (type pdf)
<use pictures/movie_word_all-eps-converted-to.pdf>
Package pdftex.def Info: pictures/movie_word_all-eps-converted-to.pdf used on i
nput line 129.
(pdftex.def)             Requested size: 430.00462pt x 167.10107pt.
 [6 <./pictures/movie_word_all-eps-converted-to.pdf>]
Package epstopdf Info: Source file: <pictures/_p1_n12_gp1.eps>
(epstopdf)                    date: 2016-02-04 16:43:21
(epstopdf)                    size: 25337 bytes
(epstopdf)             Output file: <pictures/_p1_n12_gp1-eps-converted-to.pdf>

(epstopdf)                    date: 2016-02-04 16:43:31
(epstopdf)                    size: 19044 bytes
(epstopdf)             Command: <repstopdf --outfile=pictures/_p1_n12_gp1-eps-c
onverted-to.pdf pictures/_p1_n12_gp1.eps>
(epstopdf)             \includegraphics on input line 137.
Package epstopdf Info: Output file is already uptodate.

<pictures/_p1_n12_gp1-eps-converted-to.pdf, id=94, 1444.39626pt x 316.18124pt>
File: pictures/_p1_n12_gp1-eps-converted-to.pdf Graphic file (type pdf)

<use pictures/_p1_n12_gp1-eps-converted-to.pdf>
Package pdftex.def Info: pictures/_p1_n12_gp1-eps-converted-to.pdf used on inpu
t line 137.
(pdftex.def)             Requested size: 430.00462pt x 103.47653pt.
Package epstopdf Info: Source file: <pictures/_p1_n12_gp2.eps>
(epstopdf)                    date: 2016-02-04 16:43:23
(epstopdf)                    size: 24635 bytes
(epstopdf)             Output file: <pictures/_p1_n12_gp2-eps-converted-to.pdf>

(epstopdf)                    date: 2016-02-04 16:43:32
(epstopdf)                    size: 18063 bytes
(epstopdf)             Command: <repstopdf --outfile=pictures/_p1_n12_gp2-eps-c
onverted-to.pdf pictures/_p1_n12_gp2.eps>
(epstopdf)             \includegraphics on input line 138.
Package epstopdf Info: Output file is already uptodate.

<pictures/_p1_n12_gp2-eps-converted-to.pdf, id=96, 1444.39626pt x 316.18124pt>
File: pictures/_p1_n12_gp2-eps-converted-to.pdf Graphic file (type pdf)

<use pictures/_p1_n12_gp2-eps-converted-to.pdf>
Package pdftex.def Info: pictures/_p1_n12_gp2-eps-converted-to.pdf used on inpu
t line 138.
(pdftex.def)             Requested size: 430.00462pt x 103.47653pt.
Package epstopdf Info: Source file: <pictures/_p2_n12_gp1.eps>
(epstopdf)                    date: 2016-02-04 16:43:24
(epstopdf)                    size: 25064 bytes
(epstopdf)             Output file: <pictures/_p2_n12_gp1-eps-converted-to.pdf>

(epstopdf)                    date: 2016-02-04 16:43:34
(epstopdf)                    size: 19073 bytes
(epstopdf)             Command: <repstopdf --outfile=pictures/_p2_n12_gp1-eps-c
onverted-to.pdf pictures/_p2_n12_gp1.eps>
(epstopdf)             \includegraphics on input line 139.
Package epstopdf Info: Output file is already uptodate.

<pictures/_p2_n12_gp1-eps-converted-to.pdf, id=98, 1444.39626pt x 316.18124pt>
File: pictures/_p2_n12_gp1-eps-converted-to.pdf Graphic file (type pdf)

<use pictures/_p2_n12_gp1-eps-converted-to.pdf>
Package pdftex.def Info: pictures/_p2_n12_gp1-eps-converted-to.pdf used on inpu
t line 139.
(pdftex.def)             Requested size: 430.00462pt x 103.47653pt.
Package epstopdf Info: Source file: <pictures/_p1_n8_gp1.eps>
(epstopdf)                    date: 2016-02-04 16:43:12
(epstopdf)                    size: 21470 bytes
(epstopdf)             Output file: <pictures/_p1_n8_gp1-eps-converted-to.pdf>
(epstopdf)                    date: 2016-02-04 16:43:35
(epstopdf)                    size: 16613 bytes
(epstopdf)             Command: <repstopdf --outfile=pictures/_p1_n8_gp1-eps-co
nverted-to.pdf pictures/_p1_n8_gp1.eps>
(epstopdf)             \includegraphics on input line 144.
Package epstopdf Info: Output file is already uptodate.

<pictures/_p1_n8_gp1-eps-converted-to.pdf, id=100, 1444.39626pt x 316.18124pt>
File: pictures/_p1_n8_gp1-eps-converted-to.pdf Graphic file (type pdf)

<use pictures/_p1_n8_gp1-eps-converted-to.pdf>
Package pdftex.def Info: pictures/_p1_n8_gp1-eps-converted-to.pdf used on input
 line 144.
(pdftex.def)             Requested size: 430.00462pt x 103.47653pt.
Package epstopdf Info: Source file: <pictures/_p1_n8_gp2.eps>
(epstopdf)                    date: 2016-02-04 16:43:14
(epstopdf)                    size: 21152 bytes
(epstopdf)             Output file: <pictures/_p1_n8_gp2-eps-converted-to.pdf>
(epstopdf)                    date: 2016-02-04 16:43:36
(epstopdf)                    size: 15659 bytes
(epstopdf)             Command: <repstopdf --outfile=pictures/_p1_n8_gp2-eps-co
nverted-to.pdf pictures/_p1_n8_gp2.eps>
(epstopdf)             \includegraphics on input line 145.
Package epstopdf Info: Output file is already uptodate.

<pictures/_p1_n8_gp2-eps-converted-to.pdf, id=102, 1444.39626pt x 316.18124pt>
File: pictures/_p1_n8_gp2-eps-converted-to.pdf Graphic file (type pdf)

<use pictures/_p1_n8_gp2-eps-converted-to.pdf>
Package pdftex.def Info: pictures/_p1_n8_gp2-eps-converted-to.pdf used on input
 line 145.
(pdftex.def)             Requested size: 430.00462pt x 103.47653pt.
Package epstopdf Info: Source file: <pictures/_p2_n8_gp1.eps>
(epstopdf)                    date: 2016-02-04 16:43:15
(epstopdf)                    size: 21308 bytes
(epstopdf)             Output file: <pictures/_p2_n8_gp1-eps-converted-to.pdf>
(epstopdf)                    date: 2016-02-04 16:43:38
(epstopdf)                    size: 16637 bytes
(epstopdf)             Command: <repstopdf --outfile=pictures/_p2_n8_gp1-eps-co
nverted-to.pdf pictures/_p2_n8_gp1.eps>
(epstopdf)             \includegraphics on input line 146.
Package epstopdf Info: Output file is already uptodate.

<pictures/_p2_n8_gp1-eps-converted-to.pdf, id=104, 1444.39626pt x 316.18124pt>
File: pictures/_p2_n8_gp1-eps-converted-to.pdf Graphic file (type pdf)

<use pictures/_p2_n8_gp1-eps-converted-to.pdf>
Package pdftex.def Info: pictures/_p2_n8_gp1-eps-converted-to.pdf used on input
 line 146.
(pdftex.def)             Requested size: 430.00462pt x 103.47653pt.
 [7 <./pictures/_p1_n12_gp1-eps-converted-to.pdf> <./pictures/_p1_n12_gp2-eps-c
onverted-to.pdf> <./pictures/_p2_n12_gp1-eps-converted-to.pdf>]
Package epstopdf Info: Source file: <pictures/_p1_n5_gp1.eps>
(epstopdf)                    date: 2016-02-04 16:43:01
(epstopdf)                    size: 18531 bytes
(epstopdf)             Output file: <pictures/_p1_n5_gp1-eps-converted-to.pdf>
(epstopdf)                    date: 2016-02-04 16:43:39
(epstopdf)                    size: 14343 bytes
(epstopdf)             Command: <repstopdf --outfile=pictures/_p1_n5_gp1-eps-co
nverted-to.pdf pictures/_p1_n5_gp1.eps>
(epstopdf)             \includegraphics on input line 151.
Package epstopdf Info: Output file is already uptodate.

<pictures/_p1_n5_gp1-eps-converted-to.pdf, id=134, 1444.39626pt x 316.18124pt>
File: pictures/_p1_n5_gp1-eps-converted-to.pdf Graphic file (type pdf)

<use pictures/_p1_n5_gp1-eps-converted-to.pdf>
Package pdftex.def Info: pictures/_p1_n5_gp1-eps-converted-to.pdf used on input
 line 151.
(pdftex.def)             Requested size: 430.00462pt x 103.47653pt.
Package epstopdf Info: Source file: <pictures/_p1_n5_gp2.eps>
(epstopdf)                    date: 2016-02-04 16:43:02
(epstopdf)                    size: 18394 bytes
(epstopdf)             Output file: <pictures/_p1_n5_gp2-eps-converted-to.pdf>
(epstopdf)                    date: 2016-02-04 16:43:40
(epstopdf)                    size: 13666 bytes
(epstopdf)             Command: <repstopdf --outfile=pictures/_p1_n5_gp2-eps-co
nverted-to.pdf pictures/_p1_n5_gp2.eps>
(epstopdf)             \includegraphics on input line 152.
Package epstopdf Info: Output file is already uptodate.

<pictures/_p1_n5_gp2-eps-converted-to.pdf, id=136, 1444.39626pt x 316.18124pt>
File: pictures/_p1_n5_gp2-eps-converted-to.pdf Graphic file (type pdf)

<use pictures/_p1_n5_gp2-eps-converted-to.pdf>
Package pdftex.def Info: pictures/_p1_n5_gp2-eps-converted-to.pdf used on input
 line 152.
(pdftex.def)             Requested size: 430.00462pt x 103.47653pt.
Package epstopdf Info: Source file: <pictures/_p2_n5_gp1.eps>
(epstopdf)                    date: 2016-02-04 16:43:03
(epstopdf)                    size: 18652 bytes
(epstopdf)             Output file: <pictures/_p2_n5_gp1-eps-converted-to.pdf>
(epstopdf)                    date: 2016-02-04 16:43:42
(epstopdf)                    size: 14279 bytes
(epstopdf)             Command: <repstopdf --outfile=pictures/_p2_n5_gp1-eps-co
nverted-to.pdf pictures/_p2_n5_gp1.eps>
(epstopdf)             \includegraphics on input line 153.
Package epstopdf Info: Output file is already uptodate.

<pictures/_p2_n5_gp1-eps-converted-to.pdf, id=138, 1444.39626pt x 316.18124pt>
File: pictures/_p2_n5_gp1-eps-converted-to.pdf Graphic file (type pdf)

<use pictures/_p2_n5_gp1-eps-converted-to.pdf>
Package pdftex.def Info: pictures/_p2_n5_gp1-eps-converted-to.pdf used on input
 line 153.
(pdftex.def)             Requested size: 430.00462pt x 103.47653pt.
 [8 <./pictures/_p1_n8_gp1-eps-converted-to.pdf> <./pictures/_p1_n8_gp2-eps-con
verted-to.pdf> <./pictures/_p2_n8_gp1-eps-converted-to.pdf>]
LaTeX Font Info:    Try loading font information for OMS+cmr on input line 161.


(/usr/local/texlive/2014/texmf-dist/tex/latex/base/omscmr.fd
File: omscmr.fd 1999/05/25 v2.5h Standard LaTeX font definitions
)
LaTeX Font Info:    Font shape `OMS/cmr/m/n' in size <10.95> not available
(Font)              Font shape `OMS/cmsy/m/n' tried instead on input line 161.
 [9 <./pictures/_p1_n5_gp1-eps-converted-to.pdf> <./pictures/_p1_n5_gp2-eps-con
verted-to.pdf> <./pictures/_p2_n5_gp1-eps-converted-to.pdf>]
Package epstopdf Info: Source file: <pictures/movie_word_data_1955-2015_p1_n12_
gp1.eps>
(epstopdf)                    date: 2016-02-06 17:36:02
(epstopdf)                    size: 22129 bytes
(epstopdf)             Output file: <pictures/movie_word_data_1955-2015_p1_n12_
gp1-eps-converted-to.pdf>
(epstopdf)                    date: 2016-02-06 17:52:46
(epstopdf)                    size: 17461 bytes
(epstopdf)             Command: <repstopdf --outfile=pictures/movie_word_data_1
955-2015_p1_n12_gp1-eps-converted-to.pdf pictures/movie_word_data_1955-2015_p1_
n12_gp1.eps>
(epstopdf)             \includegraphics on input line 178.
Package epstopdf Info: Output file is already uptodate.

<pictures/movie_word_data_1955-2015_p1_n12_gp1-eps-converted-to.pdf, id=197, 14
44.39626pt x 316.18124pt>
File: pictures/movie_word_data_1955-2015_p1_n12_gp1-eps-converted-to.pdf Graphi
c file (type pdf)

<use pictures/movie_word_data_1955-2015_p1_n12_gp1-eps-converted-to.pdf>
Package pdftex.def Info: pictures/movie_word_data_1955-2015_p1_n12_gp1-eps-conv
erted-to.pdf used on input line 178.
(pdftex.def)             Requested size: 430.00462pt x 103.47653pt.
Package epstopdf Info: Source file: <pictures/movie_word_data_1955-2015_p1_n12_
gp2.eps>
(epstopdf)                    date: 2016-02-06 17:36:03
(epstopdf)                    size: 21884 bytes
(epstopdf)             Output file: <pictures/movie_word_data_1955-2015_p1_n12_
gp2-eps-converted-to.pdf>
(epstopdf)                    date: 2016-02-06 17:52:47
(epstopdf)                    size: 16612 bytes
(epstopdf)             Command: <repstopdf --outfile=pictures/movie_word_data_1
955-2015_p1_n12_gp2-eps-converted-to.pdf pictures/movie_word_data_1955-2015_p1_
n12_gp2.eps>
(epstopdf)             \includegraphics on input line 179.
Package epstopdf Info: Output file is already uptodate.

<pictures/movie_word_data_1955-2015_p1_n12_gp2-eps-converted-to.pdf, id=199, 14
44.39626pt x 316.18124pt>
File: pictures/movie_word_data_1955-2015_p1_n12_gp2-eps-converted-to.pdf Graphi
c file (type pdf)

<use pictures/movie_word_data_1955-2015_p1_n12_gp2-eps-converted-to.pdf>
Package pdftex.def Info: pictures/movie_word_data_1955-2015_p1_n12_gp2-eps-conv
erted-to.pdf used on input line 179.
(pdftex.def)             Requested size: 430.00462pt x 103.47653pt.
Package epstopdf Info: Source file: <pictures/movie_word_data_1955-2015_p2_n12_
gp1.eps>
(epstopdf)                    date: 2016-02-06 17:36:05
(epstopdf)                    size: 22461 bytes
(epstopdf)             Output file: <pictures/movie_word_data_1955-2015_p2_n12_
gp1-eps-converted-to.pdf>
(epstopdf)                    date: 2016-02-06 17:52:48
(epstopdf)                    size: 17436 bytes
(epstopdf)             Command: <repstopdf --outfile=pictures/movie_word_data_1
955-2015_p2_n12_gp1-eps-converted-to.pdf pictures/movie_word_data_1955-2015_p2_
n12_gp1.eps>
(epstopdf)             \includegraphics on input line 180.
Package epstopdf Info: Output file is already uptodate.

<pictures/movie_word_data_1955-2015_p2_n12_gp1-eps-converted-to.pdf, id=201, 14
44.39626pt x 316.18124pt>
File: pictures/movie_word_data_1955-2015_p2_n12_gp1-eps-converted-to.pdf Graphi
c file (type pdf)

<use pictures/movie_word_data_1955-2015_p2_n12_gp1-eps-converted-to.pdf>
Package pdftex.def Info: pictures/movie_word_data_1955-2015_p2_n12_gp1-eps-conv
erted-to.pdf used on input line 180.
(pdftex.def)             Requested size: 430.00462pt x 103.47653pt.

[10]
Package epstopdf Info: Source file: <pictures/movie_word_data_1955-2015_p1_n8_g
p1.eps>
(epstopdf)                    date: 2016-02-06 17:35:50
(epstopdf)                    size: 19452 bytes
(epstopdf)             Output file: <pictures/movie_word_data_1955-2015_p1_n8_g
p1-eps-converted-to.pdf>
(epstopdf)                    date: 2016-02-06 17:56:13
(epstopdf)                    size: 14920 bytes
(epstopdf)             Command: <repstopdf --outfile=pictures/movie_word_data_1
955-2015_p1_n8_gp1-eps-converted-to.pdf pictures/movie_word_data_1955-2015_p1_n
8_gp1.eps>
(epstopdf)             \includegraphics on input line 185.
Package epstopdf Info: Output file is already uptodate.

<pictures/movie_word_data_1955-2015_p1_n8_gp1-eps-converted-to.pdf, id=206, 144
4.39626pt x 316.18124pt>
File: pictures/movie_word_data_1955-2015_p1_n8_gp1-eps-converted-to.pdf Graphic
 file (type pdf)

<use pictures/movie_word_data_1955-2015_p1_n8_gp1-eps-converted-to.pdf>
Package pdftex.def Info: pictures/movie_word_data_1955-2015_p1_n8_gp1-eps-conve
rted-to.pdf used on input line 185.
(pdftex.def)             Requested size: 430.00462pt x 103.47653pt.
Package epstopdf Info: Source file: <pictures/movie_word_data_1955-2015_p1_n8_g
p2.eps>
(epstopdf)                    date: 2016-02-06 17:35:52
(epstopdf)                    size: 19422 bytes
(epstopdf)             Output file: <pictures/movie_word_data_1955-2015_p1_n8_g
p2-eps-converted-to.pdf>
(epstopdf)                    date: 2016-02-06 17:56:15
(epstopdf)                    size: 14982 bytes
(epstopdf)             Command: <repstopdf --outfile=pictures/movie_word_data_1
955-2015_p1_n8_gp2-eps-converted-to.pdf pictures/movie_word_data_1955-2015_p1_n
8_gp2.eps>
(epstopdf)             \includegraphics on input line 186.
Package epstopdf Info: Output file is already uptodate.

<pictures/movie_word_data_1955-2015_p1_n8_gp2-eps-converted-to.pdf, id=208, 144
4.39626pt x 316.18124pt>
File: pictures/movie_word_data_1955-2015_p1_n8_gp2-eps-converted-to.pdf Graphic
 file (type pdf)

<use pictures/movie_word_data_1955-2015_p1_n8_gp2-eps-converted-to.pdf>
Package pdftex.def Info: pictures/movie_word_data_1955-2015_p1_n8_gp2-eps-conve
rted-to.pdf used on input line 186.
(pdftex.def)             Requested size: 430.00462pt x 103.47653pt.
Package epstopdf Info: Source file: <pictures/movie_word_data_1955-2015_p2_n8_g
p1.eps>
(epstopdf)                    date: 2016-02-06 17:35:53
(epstopdf)                    size: 19766 bytes
(epstopdf)             Output file: <pictures/movie_word_data_1955-2015_p2_n8_g
p1-eps-converted-to.pdf>
(epstopdf)                    date: 2016-02-06 17:56:16
(epstopdf)                    size: 15222 bytes
(epstopdf)             Command: <repstopdf --outfile=pictures/movie_word_data_1
955-2015_p2_n8_gp1-eps-converted-to.pdf pictures/movie_word_data_1955-2015_p2_n
8_gp1.eps>
(epstopdf)             \includegraphics on input line 187.
Package epstopdf Info: Output file is already uptodate.

<pictures/movie_word_data_1955-2015_p2_n8_gp1-eps-converted-to.pdf, id=210, 144
4.39626pt x 316.18124pt>
File: pictures/movie_word_data_1955-2015_p2_n8_gp1-eps-converted-to.pdf Graphic
 file (type pdf)

<use pictures/movie_word_data_1955-2015_p2_n8_gp1-eps-converted-to.pdf>
Package pdftex.def Info: pictures/movie_word_data_1955-2015_p2_n8_gp1-eps-conve
rted-to.pdf used on input line 187.
(pdftex.def)             Requested size: 430.00462pt x 103.47653pt.

[11 <./pictures/movie_word_data_1955-2015_p1_n12_gp1-eps-converted-to.pdf> <./p
ictures/movie_word_data_1955-2015_p1_n12_gp2-eps-converted-to.pdf> <./pictures/
movie_word_data_1955-2015_p2_n12_gp1-eps-converted-to.pdf>]
Package epstopdf Info: Source file: <pictures/movie_word_data_1955-2015_p1_n5_g
p1.eps>
(epstopdf)                    date: 2016-02-06 17:35:38
(epstopdf)                    size: 17465 bytes
(epstopdf)             Output file: <pictures/movie_word_data_1955-2015_p1_n5_g
p1-eps-converted-to.pdf>
(epstopdf)                    date: 2016-02-06 17:56:17
(epstopdf)                    size: 13242 bytes
(epstopdf)             Command: <repstopdf --outfile=pictures/movie_word_data_1
955-2015_p1_n5_gp1-eps-converted-to.pdf pictures/movie_word_data_1955-2015_p1_n
5_gp1.eps>
(epstopdf)             \includegraphics on input line 192.
Package epstopdf Info: Output file is already uptodate.

<pictures/movie_word_data_1955-2015_p1_n5_gp1-eps-converted-to.pdf, id=239, 144
4.39626pt x 316.18124pt>
File: pictures/movie_word_data_1955-2015_p1_n5_gp1-eps-converted-to.pdf Graphic
 file (type pdf)

<use pictures/movie_word_data_1955-2015_p1_n5_gp1-eps-converted-to.pdf>
Package pdftex.def Info: pictures/movie_word_data_1955-2015_p1_n5_gp1-eps-conve
rted-to.pdf used on input line 192.
(pdftex.def)             Requested size: 430.00462pt x 103.47653pt.
Package epstopdf Info: Source file: <pictures/movie_word_data_1955-2015_p1_n5_g
p2.eps>
(epstopdf)                    date: 2016-02-06 17:35:40
(epstopdf)                    size: 17412 bytes
(epstopdf)             Output file: <pictures/movie_word_data_1955-2015_p1_n5_g
p2-eps-converted-to.pdf>
(epstopdf)                    date: 2016-02-06 17:56:19
(epstopdf)                    size: 13749 bytes
(epstopdf)             Command: <repstopdf --outfile=pictures/movie_word_data_1
955-2015_p1_n5_gp2-eps-converted-to.pdf pictures/movie_word_data_1955-2015_p1_n
5_gp2.eps>
(epstopdf)             \includegraphics on input line 193.
Package epstopdf Info: Output file is already uptodate.

<pictures/movie_word_data_1955-2015_p1_n5_gp2-eps-converted-to.pdf, id=241, 144
4.39626pt x 316.18124pt>
File: pictures/movie_word_data_1955-2015_p1_n5_gp2-eps-converted-to.pdf Graphic
 file (type pdf)

<use pictures/movie_word_data_1955-2015_p1_n5_gp2-eps-converted-to.pdf>
Package pdftex.def Info: pictures/movie_word_data_1955-2015_p1_n5_gp2-eps-conve
rted-to.pdf used on input line 193.
(pdftex.def)             Requested size: 430.00462pt x 103.47653pt.
Package epstopdf Info: Source file: <pictures/movie_word_data_1955-2015_p2_n5_g
p1.eps>
(epstopdf)                    date: 2016-02-06 17:35:41
(epstopdf)                    size: 17572 bytes
(epstopdf)             Output file: <pictures/movie_word_data_1955-2015_p2_n5_g
p1-eps-converted-to.pdf>
(epstopdf)                    date: 2016-02-06 17:56:20
(epstopdf)                    size: 13383 bytes
(epstopdf)             Command: <repstopdf --outfile=pictures/movie_word_data_1
955-2015_p2_n5_gp1-eps-converted-to.pdf pictures/movie_word_data_1955-2015_p2_n
5_gp1.eps>
(epstopdf)             \includegraphics on input line 194.
Package epstopdf Info: Output file is already uptodate.

<pictures/movie_word_data_1955-2015_p2_n5_gp1-eps-converted-to.pdf, id=243, 144
4.39626pt x 316.18124pt>
File: pictures/movie_word_data_1955-2015_p2_n5_gp1-eps-converted-to.pdf Graphic
 file (type pdf)

<use pictures/movie_word_data_1955-2015_p2_n5_gp1-eps-converted-to.pdf>
Package pdftex.def Info: pictures/movie_word_data_1955-2015_p2_n5_gp1-eps-conve
rted-to.pdf used on input line 194.
(pdftex.def)             Requested size: 430.00462pt x 103.47653pt.

[12 <./pictures/movie_word_data_1955-2015_p1_n8_gp1-eps-converted-to.pdf> <./pi
ctures/movie_word_data_1955-2015_p1_n8_gp2-eps-converted-to.pdf> <./pictures/mo
vie_word_data_1955-2015_p2_n8_gp1-eps-converted-to.pdf>] [13 <./pictures/movie_
word_data_1955-2015_p1_n5_gp1-eps-converted-to.pdf> <./pictures/movie_word_data
_1955-2015_p1_n5_gp2-eps-converted-to.pdf> <./pictures/movie_word_data_1955-201
5_p2_n5_gp1-eps-converted-to.pdf>] (./Notes.aux) ) 
Here is how much of TeX's memory you used:
 4868 strings out of 493117
 81264 string characters out of 6135433
 181629 words of memory out of 5000000
 8244 multiletter control sequences out of 15000+600000
 8065 words of font info for 29 fonts, out of 8000000 for 9000
 1141 hyphenation exceptions out of 8191
 42i,10n,40p,1066b,1490s stack positions out of 5000i,500n,10000p,200000b,80000s
</usr/local/texlive/2014/texm
f-dist/fonts/type1/public/amsfonts/cm/cmbx10.pfb></usr/local/texlive/2014/texmf
-dist/fonts/type1/public/amsfonts/cm/cmbx12.pfb></usr/local/texlive/2014/texmf-
dist/fonts/type1/public/amsfonts/cm/cmmi10.pfb></usr/local/texlive/2014/texmf-d
ist/fonts/type1/public/amsfonts/cm/cmr10.pfb></usr/local/texlive/2014/texmf-dis
t/fonts/type1/public/amsfonts/cm/cmsy10.pfb></usr/local/texlive/2014/texmf-dist
/fonts/type1/public/amsfonts/cm/cmtt10.pfb>
Output written on Notes.pdf (13 pages, 374018 bytes).
PDF statistics:
 322 PDF objects out of 1000 (max. 8388607)
 223 compressed objects within 3 object streams
 0 named destinations out of 1000 (max. 500000)
 262 words of extra memory for PDF output out of 10000 (max. 10000000)

