\BOOKMARK [1][-]{section.1}{Quickstart}{}% 1
\BOOKMARK [1][-]{section.2}{Introduction}{}% 2
\BOOKMARK [2][-]{subsection.2.1}{The Theory}{section.2}% 3
\BOOKMARK [3][-]{subsubsection.2.1.1}{Cyclic vs. Periodic}{subsection.2.1}% 4
\BOOKMARK [3][-]{subsubsection.2.1.2}{COOM}{subsection.2.1}% 5
\BOOKMARK [3][-]{subsubsection.2.1.3}{The Lead Matrix}{subsection.2.1}% 6
\BOOKMARK [3][-]{subsubsection.2.1.4}{Sorting}{subsection.2.1}% 7
\BOOKMARK [1][-]{section.3}{Toy Data Examples}{}% 8
\BOOKMARK [2][-]{subsection.3.1}{Example 1}{section.3}% 9
\BOOKMARK [2][-]{subsection.3.2}{Example 2}{section.3}% 10
\BOOKMARK [2][-]{subsection.3.3}{The create\137toy Function}{section.3}% 11
\BOOKMARK [1][-]{section.4}{fMRI Examples}{}% 12
\BOOKMARK [2][-]{subsection.4.1}{Extracting ROIs}{section.4}% 13
\BOOKMARK [2][-]{subsection.4.2}{Cyclicity of Processed Files}{section.4}% 14
\BOOKMARK [3][-]{subsubsection.4.2.1}{Filter by Region}{subsection.4.2}% 15
\BOOKMARK [3][-]{subsubsection.4.2.2}{Filter by Time}{subsection.4.2}% 16
\BOOKMARK [1][-]{section.5}{Looking at Results}{}% 17
\BOOKMARK [2][-]{subsection.5.1}{Eigenvalue Ratios}{section.5}% 18
\BOOKMARK [2][-]{subsection.5.2}{Order Distribution}{section.5}% 19
\BOOKMARK [2][-]{subsection.5.3}{Signal Champions}{section.5}% 20
\BOOKMARK [2][-]{subsection.5.4}{Triples}{section.5}% 21
